<?xml version="1.0" encoding="UTF-8"?>
<!-- Generated by org.testng.reporters.JUnitXMLReporter -->
<testsuite ignored="0" hostname="LAPTOP-7CM1QD76" failures="0" tests="3" name="Default test" time="49.637" errors="0" timestamp="2025-05-01T14:42:33 IST">
  <testcase classname="tests.LoginTest" name="testValidLogin" time="0.749"/>
  <testcase classname="tests.LoginTest" name="testValidLogin" time="0.626"/>
  <testcase classname="tests.LoginTest" name="testValidLogin" time="34.03"/>
</testsuite> <!-- Default test -->
