<?xml version="1.0" encoding="UTF-8"?>
<testng-results ignored="0" total="3" passed="3" failed="0" skipped="0">
  <reporter-output>
  </reporter-output>
  <suite started-at="2025-05-01T14:41:43 IST" name="Default suite" finished-at="2025-05-01T14:42:33 IST" duration-ms="49637">
    <groups>
    </groups>
    <test started-at="2025-05-01T14:41:43 IST" name="Default test" finished-at="2025-05-01T14:42:33 IST" duration-ms="49637">
      <class name="tests.LoginTest">
        <test-method is-config="true" signature="setupReport()[pri:0, instance:tests.LoginTest@44c03695]" started-at="2025-05-01T14:41:43 IST" name="setupReport" finished-at="2025-05-01T14:41:43 IST" duration-ms="322" status="PASS">
          <reporter-output>
          </reporter-output>
        </test-method> <!-- setupReport -->
        <test-method is-config="true" signature="setup()[pri:0, instance:tests.LoginTest@44c03695]" started-at="2025-05-01T14:41:44 IST" name="setup" finished-at="2025-05-01T14:41:49 IST" duration-ms="5159" status="PASS">
          <reporter-output>
          </reporter-output>
        </test-method> <!-- setup -->
        <test-method signature="testValidLogin(java.lang.String,java.lang.String)[pri:0, instance:tests.LoginTest@44c03695]" started-at="2025-05-01T14:41:49 IST" name="testValidLogin" data-provider="LoginData" finished-at="2025-05-01T14:41:50 IST" duration-ms="749" status="PASS">
          <params>
            <param index="0">
              <value>
                <![CDATA[user1]]>
              </value>
            </param>
            <param index="1">
              <value>
                <![CDATA[pass1]]>
              </value>
            </param>
          </params>
          <reporter-output>
          </reporter-output>
        </test-method> <!-- testValidLogin -->
        <test-method is-config="true" signature="tearDown(org.testng.ITestResult)[pri:0, instance:tests.LoginTest@44c03695]" started-at="2025-05-01T14:41:50 IST" name="tearDown" finished-at="2025-05-01T14:41:50 IST" duration-ms="183" status="PASS">
          <params>
            <param index="0">
              <value>
                <![CDATA[[TestResult name=testValidLogin status=SUCCESS method=LoginTest.testValidLogin(java.lang.String,java.lang.String)[pri:0, instance:tests.LoginTest@44c03695] output={null}]]]>
              </value>
            </param>
          </params>
          <reporter-output>
          </reporter-output>
        </test-method> <!-- tearDown -->
        <test-method is-config="true" signature="setup()[pri:0, instance:tests.LoginTest@44c03695]" started-at="2025-05-01T14:41:50 IST" name="setup" finished-at="2025-05-01T14:41:53 IST" duration-ms="3555" status="PASS">
          <reporter-output>
          </reporter-output>
        </test-method> <!-- setup -->
        <test-method signature="testValidLogin(java.lang.String,java.lang.String)[pri:0, instance:tests.LoginTest@44c03695]" started-at="2025-05-01T14:41:53 IST" name="testValidLogin" data-provider="LoginData" finished-at="2025-05-01T14:41:54 IST" duration-ms="626" status="PASS">
          <params>
            <param index="0">
              <value>
                <![CDATA[user2]]>
              </value>
            </param>
            <param index="1">
              <value>
                <![CDATA[pass2]]>
              </value>
            </param>
          </params>
          <reporter-output>
          </reporter-output>
        </test-method> <!-- testValidLogin -->
        <test-method is-config="true" signature="tearDown(org.testng.ITestResult)[pri:0, instance:tests.LoginTest@44c03695]" started-at="2025-05-01T14:41:54 IST" name="tearDown" finished-at="2025-05-01T14:41:54 IST" duration-ms="138" status="PASS">
          <params>
            <param index="0">
              <value>
                <![CDATA[[TestResult name=testValidLogin status=SUCCESS method=LoginTest.testValidLogin(java.lang.String,java.lang.String)[pri:0, instance:tests.LoginTest@44c03695] output={null}]]]>
              </value>
            </param>
          </params>
          <reporter-output>
          </reporter-output>
        </test-method> <!-- tearDown -->
        <test-method is-config="true" signature="setup()[pri:0, instance:tests.LoginTest@44c03695]" started-at="2025-05-01T14:41:54 IST" name="setup" finished-at="2025-05-01T14:41:59 IST" duration-ms="4491" status="PASS">
          <reporter-output>
          </reporter-output>
        </test-method> <!-- setup -->
        <test-method signature="testValidLogin(java.lang.String,java.lang.String)[pri:0, instance:tests.LoginTest@44c03695]" started-at="2025-05-01T14:41:59 IST" name="testValidLogin" data-provider="LoginData" finished-at="2025-05-01T14:42:33 IST" duration-ms="34030" status="PASS">
          <params>
            <param index="0">
              <value>
                <![CDATA[pqrs@gmail.com]]>
              </value>
            </param>
            <param index="1">
              <value>
                <![CDATA[Shru@1234]]>
              </value>
            </param>
          </params>
          <reporter-output>
          </reporter-output>
        </test-method> <!-- testValidLogin -->
        <test-method is-config="true" signature="tearDown(org.testng.ITestResult)[pri:0, instance:tests.LoginTest@44c03695]" started-at="2025-05-01T14:42:33 IST" name="tearDown" finished-at="2025-05-01T14:42:33 IST" duration-ms="187" status="PASS">
          <params>
            <param index="0">
              <value>
                <![CDATA[[TestResult name=testValidLogin status=SUCCESS method=LoginTest.testValidLogin(java.lang.String,java.lang.String)[pri:0, instance:tests.LoginTest@44c03695] output={null}]]]>
              </value>
            </param>
          </params>
          <reporter-output>
          </reporter-output>
        </test-method> <!-- tearDown -->
        <test-method is-config="true" signature="teardownReport()[pri:0, instance:tests.LoginTest@44c03695]" started-at="2025-05-01T14:42:33 IST" name="teardownReport" finished-at="2025-05-01T14:42:33 IST" duration-ms="384" status="PASS">
          <reporter-output>
          </reporter-output>
        </test-method> <!-- teardownReport -->
      </class> <!-- tests.LoginTest -->
    </test> <!-- Default test -->
  </suite> <!-- Default suite -->
</testng-results>
